<?xml version="1.0" encoding="UTF-8"?>
<testng-results skipped="0" failed="0" ignored="0" total="4" passed="4">
  <reporter-output>
  </reporter-output>
  <suite name="FreeCRM_Suite" duration-ms="44636" started-at="2018-09-03T13:02:37Z" finished-at="2018-09-03T13:03:22Z">
    <groups>
    </groups>
    <test name="FreeCRM_Automation_Test" duration-ms="44636" started-at="2018-09-03T13:02:37Z" finished-at="2018-09-03T13:03:22Z">
      <class name="Com.crm.qa.TestCases.LoginPageTest">
        <test-method status="PASS" signature="FreeCRMTitleTest()[pri:0, instance:Com.crm.qa.TestCases.LoginPageTest@6fb554cc]" name="FreeCRMTitleTest" duration-ms="22301" started-at="2018-09-03T13:02:37Z" finished-at="2018-09-03T13:02:59Z">
          <reporter-output>
          </reporter-output>
        </test-method> <!-- FreeCRMTitleTest -->
        <test-method status="PASS" signature="CRMLogoTest()[pri:1, instance:Com.crm.qa.TestCases.LoginPageTest@6fb554cc]" name="CRMLogoTest" duration-ms="220" started-at="2018-09-03T13:02:59Z" finished-at="2018-09-03T13:02:59Z">
          <reporter-output>
          </reporter-output>
        </test-method> <!-- CRMLogoTest -->
        <test-method status="PASS" signature="LoginTest()[pri:2, instance:Com.crm.qa.TestCases.LoginPageTest@6fb554cc]" name="LoginTest" duration-ms="21778" started-at="2018-09-03T13:02:59Z" finished-at="2018-09-03T13:03:21Z">
          <reporter-output>
          </reporter-output>
        </test-method> <!-- LoginTest -->
        <test-method status="PASS" signature="VerifyusernameLabelTest()[pri:3, instance:Com.crm.qa.TestCases.LoginPageTest@6fb554cc]" name="VerifyusernameLabelTest" duration-ms="283" started-at="2018-09-03T13:03:21Z" finished-at="2018-09-03T13:03:22Z">
          <reporter-output>
          </reporter-output>
        </test-method> <!-- VerifyusernameLabelTest -->
      </class> <!-- Com.crm.qa.TestCases.LoginPageTest -->
    </test> <!-- FreeCRM_Automation_Test -->
  </suite> <!-- FreeCRM_Suite -->
</testng-results>
